Added Component: Designator=B1(KMR221NGLFS)
Added Component: Designator=B2(KMR221NGLFS)
Added Component: Designator=C1(0603 Capacitor)
Added Component: Designator=C2(0603 Capacitor)
Added Component: Designator=C3(0603 Capacitor)
Added Component: Designator=C4(0603 Capacitor)
Added Component: Designator=C5(0603 Capacitor)
Added Component: Designator=C7(0603 Capacitor)
Added Component: Designator=C8(0603 Capacitor)
Added Component: Designator=C9(0603 Capacitor)
Added Component: Designator=C10(0603 Capacitor)
Added Component: Designator=C11(0603 Capacitor)
Added Component: Designator=C12(0603 Capacitor)
Added Component: Designator=D2(LED)
Added Component: Designator=D3(HDR1X4)
Added Component: Designator=D5(LED)
Added Component: Designator=IC1(cp2104)
Added Component: Designator=J1(101181930001LF)
Added Component: Designator=Q1(SOT96P237X111-3N)
Added Component: Designator=Q2(SOT96P237X111-3N)
Added Component: Designator=Q3(SOT96P237X111-3N)
Added Component: Designator=R1(RES0603)
Added Component: Designator=R2(RES0603)
Added Component: Designator=R3(RES0603)
Added Component: Designator=R4(RES0603)
Added Component: Designator=R5(RES0603)
Added Component: Designator=R6(RES0603)
Added Component: Designator=R7(RES0603)
Added Component: Designator=R8(RES0603)
Added Component: Designator=R9(RES0603)
Added Component: Designator=R10(RES0603)
Added Component: Designator=S1(SS12D11G5R)
Added Component: Designator=T1(Battery Connector)
Added Component: Designator=U1(ESP32)
Added Component: Designator=U2(MPU6050)
Added Component: Designator=U3(SOT95P270X145-5N)
Added Component: Designator=U5(SOT95P275X110-6N)
Added Component: Designator=U6(SOT95P270X145-5N)
Added Component: Designator=U7(SON65P200X200X80-7N)
Added Pin To Net: NetName=GND Pin=B1-2
Added Pin To Net: NetName=NetB1_3 Pin=B1-3
Added Pin To Net: NetName=GND Pin=B2-2
Added Pin To Net: NetName=EN Pin=B2-3
Added Pin To Net: NetName=GND Pin=C1-1
Added Pin To Net: NetName=+3V3 Pin=C1-2
Added Pin To Net: NetName=GND Pin=C2-1
Added Pin To Net: NetName=EN Pin=C2-2
Added Pin To Net: NetName=GND Pin=C3-1
Added Pin To Net: NetName=+3V3 Pin=C3-2
Added Pin To Net: NetName=+3V3 Pin=C4-1
Added Pin To Net: NetName=GND Pin=C4-2
Added Pin To Net: NetName=+3V3 Pin=C5-1
Added Pin To Net: NetName=GND Pin=C5-2
Added Pin To Net: NetName=+3V3 Pin=C7-1
Added Pin To Net: NetName=GND Pin=C7-2
Added Pin To Net: NetName=NetC8_1 Pin=C8-1
Added Pin To Net: NetName=GND Pin=C8-2
Added Pin To Net: NetName=NetC9_1 Pin=C9-1
Added Pin To Net: NetName=GND Pin=C9-2
Added Pin To Net: NetName=VBUS Pin=C10-1
Added Pin To Net: NetName=GND Pin=C10-2
Added Pin To Net: NetName=+3V3 Pin=C11-1
Added Pin To Net: NetName=GND Pin=C11-2
Added Pin To Net: NetName=+3V3 Pin=C12-1
Added Pin To Net: NetName=GND Pin=C12-2
Added Pin To Net: NetName=NetD2_1 Pin=D2-1
Added Pin To Net: NetName=VBUS Pin=D2-2
Added Pin To Net: NetName=GND Pin=D3-1
Added Pin To Net: NetName=+3V3 Pin=D3-2
Added Pin To Net: NetName=IO22 Pin=D3-3
Added Pin To Net: NetName=IO21 Pin=D3-4
Added Pin To Net: NetName=GND Pin=D5-1
Added Pin To Net: NetName=NetD5_2 Pin=D5-2
Added Pin To Net: NetName=GND Pin=IC1-2
Added Pin To Net: NetName=D+ Pin=IC1-3
Added Pin To Net: NetName=D- Pin=IC1-4
Added Pin To Net: NetName=+3V3 Pin=IC1-5
Added Pin To Net: NetName=+3V3 Pin=IC1-6
Added Pin To Net: NetName=+3V3 Pin=IC1-7
Added Pin To Net: NetName=VBUS Pin=IC1-8
Added Pin To Net: NetName=RTS Pin=IC1-19
Added Pin To Net: NetName=U0TX Pin=IC1-20
Added Pin To Net: NetName=U0RX Pin=IC1-21
Added Pin To Net: NetName=DTR Pin=IC1-23
Added Pin To Net: NetName=GND Pin=IC1-25
Added Pin To Net: NetName=VBUS Pin=J1-1
Added Pin To Net: NetName=D- Pin=J1-2
Added Pin To Net: NetName=D+ Pin=J1-3
Added Pin To Net: NetName=GND Pin=J1-5
Added Pin To Net: NetName=GND Pin=J1-MH1
Added Pin To Net: NetName=GND Pin=J1-MH2
Added Pin To Net: NetName=GND Pin=J1-MP1
Added Pin To Net: NetName=GND Pin=J1-MP2
Added Pin To Net: NetName=GND Pin=J1-MP3
Added Pin To Net: NetName=GND Pin=J1-MP4
Added Pin To Net: NetName=NetQ1_1 Pin=Q1-1
Added Pin To Net: NetName=DTR Pin=Q1-2
Added Pin To Net: NetName=IO0 Pin=Q1-3
Added Pin To Net: NetName=NetQ2_1 Pin=Q2-1
Added Pin To Net: NetName=RTS Pin=Q2-2
Added Pin To Net: NetName=EN Pin=Q2-3
Added Pin To Net: NetName=VBUS Pin=Q3-1
Added Pin To Net: NetName=IN Pin=Q3-2
Added Pin To Net: NetName=VBAT Pin=Q3-3
Added Pin To Net: NetName=NetQ1_1 Pin=R1-1
Added Pin To Net: NetName=RTS Pin=R1-2
Added Pin To Net: NetName=+3V3 Pin=R2-1
Added Pin To Net: NetName=IO0 Pin=R2-2
Added Pin To Net: NetName=NetQ2_1 Pin=R3-1
Added Pin To Net: NetName=DTR Pin=R3-2
Added Pin To Net: NetName=+3V3 Pin=R4-1
Added Pin To Net: NetName=EN Pin=R4-2
Added Pin To Net: NetName=NetR5_1 Pin=R5-1
Added Pin To Net: NetName=GND Pin=R5-2
Added Pin To Net: NetName=NetD2_1 Pin=R6-1
Added Pin To Net: NetName=NetR6_2 Pin=R6-2
Added Pin To Net: NetName=NetD5_2 Pin=R7-1
Added Pin To Net: NetName=CHG_FULL Pin=R7-2
Added Pin To Net: NetName=+3V3 Pin=R8-1
Added Pin To Net: NetName=IO21 Pin=R8-2
Added Pin To Net: NetName=+3V3 Pin=R9-1
Added Pin To Net: NetName=IO22 Pin=R9-2
Added Pin To Net: NetName=GND Pin=R10-1
Added Pin To Net: NetName=VBUS Pin=R10-2
Added Pin To Net: NetName=VBAT_IN Pin=S1-2
Added Pin To Net: NetName=VBAT Pin=S1-3
Added Pin To Net: NetName=VBAT_IN Pin=T1-1
Added Pin To Net: NetName=GND Pin=T1-2
Added Pin To Net: NetName=GND Pin=U1-1
Added Pin To Net: NetName=+3V3 Pin=U1-2
Added Pin To Net: NetName=EN Pin=U1-3
Added Pin To Net: NetName=IO36 Pin=U1-4
Added Pin To Net: NetName=IO39 Pin=U1-5
Added Pin To Net: NetName=IO34 Pin=U1-6
Added Pin To Net: NetName=IO35 Pin=U1-7
Added Pin To Net: NetName=IO32 Pin=U1-8
Added Pin To Net: NetName=IO33 Pin=U1-9
Added Pin To Net: NetName=IO25 Pin=U1-10
Added Pin To Net: NetName=IO26 Pin=U1-11
Added Pin To Net: NetName=IO27 Pin=U1-12
Added Pin To Net: NetName=IO14 Pin=U1-13
Added Pin To Net: NetName=IO12 Pin=U1-14
Added Pin To Net: NetName=GND Pin=U1-15
Added Pin To Net: NetName=IO13 Pin=U1-16
Added Pin To Net: NetName=SD2 Pin=U1-17
Added Pin To Net: NetName=SD3 Pin=U1-18
Added Pin To Net: NetName=CMD Pin=U1-19
Added Pin To Net: NetName=CLK Pin=U1-20
Added Pin To Net: NetName=SDO Pin=U1-21
Added Pin To Net: NetName=SDI Pin=U1-22
Added Pin To Net: NetName=IO15 Pin=U1-23
Added Pin To Net: NetName=IO2 Pin=U1-24
Added Pin To Net: NetName=IO0 Pin=U1-25
Added Pin To Net: NetName=IO4 Pin=U1-26
Added Pin To Net: NetName=IO16 Pin=U1-27
Added Pin To Net: NetName=IO17 Pin=U1-28
Added Pin To Net: NetName=IO5 Pin=U1-29
Added Pin To Net: NetName=IO18 Pin=U1-30
Added Pin To Net: NetName=IO19 Pin=U1-31
Added Pin To Net: NetName=IO21 Pin=U1-33
Added Pin To Net: NetName=U0RX Pin=U1-34
Added Pin To Net: NetName=U0TX Pin=U1-35
Added Pin To Net: NetName=IO22 Pin=U1-36
Added Pin To Net: NetName=IO23 Pin=U1-37
Added Pin To Net: NetName=GND Pin=U1-38
Added Pin To Net: NetName=GND Pin=U1-39
Added Pin To Net: NetName=GND Pin=U1-40
Added Pin To Net: NetName=GND Pin=U1-41
Added Pin To Net: NetName=GND Pin=U1-42
Added Pin To Net: NetName=GND Pin=U1-43
Added Pin To Net: NetName=GND Pin=U1-44
Added Pin To Net: NetName=GND Pin=U1-45
Added Pin To Net: NetName=GND Pin=U1-46
Added Pin To Net: NetName=GND Pin=U1-47
Added Pin To Net: NetName=GND Pin=U2-1
Added Pin To Net: NetName=+3V3 Pin=U2-8
Added Pin To Net: NetName=GND Pin=U2-9
Added Pin To Net: NetName=NetC9_1 Pin=U2-10
Added Pin To Net: NetName=GND Pin=U2-11
Added Pin To Net: NetName=IO15 Pin=U2-12
Added Pin To Net: NetName=+3V3 Pin=U2-13
Added Pin To Net: NetName=GND Pin=U2-18
Added Pin To Net: NetName=NetC8_1 Pin=U2-20
Added Pin To Net: NetName=IO22 Pin=U2-23
Added Pin To Net: NetName=IO21 Pin=U2-24
Added Pin To Net: NetName=NetR6_2 Pin=U3-1
Added Pin To Net: NetName=GND Pin=U3-2
Added Pin To Net: NetName=VBAT Pin=U3-3
Added Pin To Net: NetName=VBUS Pin=U3-4
Added Pin To Net: NetName=NetR5_1 Pin=U3-5
Added Pin To Net: NetName=NetB1_3 Pin=U5-1
Added Pin To Net: NetName=GND Pin=U5-2
Added Pin To Net: NetName=GND Pin=U5-3
Added Pin To Net: NetName=IO25 Pin=U5-5
Added Pin To Net: NetName=+3V3 Pin=U5-6
Added Pin To Net: NetName=STAT Pin=U6-2
Added Pin To Net: NetName=GND Pin=U6-3
Added Pin To Net: NetName=CHG_FULL Pin=U6-4
Added Pin To Net: NetName=VBAT Pin=U6-5
Added Pin To Net: NetName=IN Pin=U7-1
Added Pin To Net: NetName=IN Pin=U7-2
Added Pin To Net: NetName=GND Pin=U7-3
Added Pin To Net: NetName=+3V3 Pin=U7-5
Added Pin To Net: NetName=+3V3 Pin=U7-6
Added Pin To Net: NetName=GND Pin=U7-7
Added Member To Class: ClassName=Sheet1 Member=Component B1 Pairing Button
Added Member To Class: ClassName=Sheet1 Member=Component B2 Reset Button
Added Member To Class: ClassName=Sheet1 Member=Component C1 CAPC1608N-0.1UF
Added Member To Class: ClassName=Sheet1 Member=Component C2 CAPC1608N-0.1UF
Added Member To Class: ClassName=Sheet1 Member=Component C3 CAPC1608N-0.1UF
Added Member To Class: ClassName=Sheet1 Member=Component C4 CAPC1608N-0.1UF
Added Member To Class: ClassName=Sheet1 Member=Component C5 100n
Added Member To Class: ClassName=Sheet1 Member=Component C7 10u
Added Member To Class: ClassName=Sheet1 Member=Component C8 2n2
Added Member To Class: ClassName=Sheet1 Member=Component C9 100n
Added Member To Class: ClassName=Sheet1 Member=Component C10 10u
Added Member To Class: ClassName=Sheet1 Member=Component C11 100n
Added Member To Class: ClassName=Sheet1 Member=Component C12 10u
Added Member To Class: ClassName=Sheet1 Member=Component D2 ORANGE
Added Member To Class: ClassName=Sheet1 Member=Component D3 0.96" i2c Olded Display
Added Member To Class: ClassName=Sheet1 Member=Component D5 ORANGE
Added Member To Class: ClassName=Sheet1 Member=Component IC1 CP2104-F03-GMR
Added Member To Class: ClassName=Sheet1 Member=Component J1 10118193-0001LF
Added Member To Class: ClassName=Sheet1 Member=Component Q1 MMBT2222ALT1G
Added Member To Class: ClassName=Sheet1 Member=Component Q2 MMBT2222ALT1G
Added Member To Class: ClassName=Sheet1 Member=Component Q3 DMG3415U
Added Member To Class: ClassName=Sheet1 Member=Component R1 10k 0603
Added Member To Class: ClassName=Sheet1 Member=Component R2 10k 0603
Added Member To Class: ClassName=Sheet1 Member=Component R3 10k 0603
Added Member To Class: ClassName=Sheet1 Member=Component R4 10k 0603
Added Member To Class: ClassName=Sheet1 Member=Component R5 10K
Added Member To Class: ClassName=Sheet1 Member=Component R6 1K
Added Member To Class: ClassName=Sheet1 Member=Component R7 1K
Added Member To Class: ClassName=Sheet1 Member=Component R8 4k7 0603
Added Member To Class: ClassName=Sheet1 Member=Component R9 4k7 0603
Added Member To Class: ClassName=Sheet1 Member=Component R10 100K
Added Member To Class: ClassName=Sheet1 Member=Component S1 SS-12D11G5R (BAT Slide Switch)
Added Member To Class: ClassName=Sheet1 Member=Component T1 Battery Connector
Added Member To Class: ClassName=Sheet1 Member=Component U1 ESP32-WROOM-32__16MB_
Added Member To Class: ClassName=Sheet1 Member=Component U2 MPU-6050
Added Member To Class: ClassName=Sheet1 Member=Component U3 MCP73831-2-OT
Added Member To Class: ClassName=Sheet1 Member=Component U5 MAX16054AZT+T
Added Member To Class: ClassName=Sheet1 Member=Component U6 NOT GATE
Added Member To Class: ClassName=Sheet1 Member=Component U7 NCV8187AMT330TAG
