Removed Pin From Net: NetName=+3V3 Pin=C7-1
Removed Pin From Net: NetName=GND Pin=C7-2
Removed Pin From Net: NetName=NetC8_1 Pin=C8-1
Removed Pin From Net: NetName=GND Pin=C8-2
Removed Pin From Net: NetName=NetC9_1 Pin=C9-1
Removed Pin From Net: NetName=GND Pin=C9-2
Removed Pin From Net: NetName=IO21 Pin=R8-2
Removed Pin From Net: NetName=IO22 Pin=R9-2
Removed Pin From Net: NetName=GND Pin=U2-1
Removed Pin From Net: NetName=+3V3 Pin=U2-8
Removed Pin From Net: NetName=GND Pin=U2-9
Removed Pin From Net: NetName=NetC9_1 Pin=U2-10
Removed Pin From Net: NetName=GND Pin=U2-11
Removed Pin From Net: NetName=IO15 Pin=U2-12
Removed Pin From Net: NetName=+3V3 Pin=U2-13
Removed Pin From Net: NetName=GND Pin=U2-18
Removed Pin From Net: NetName=NetC8_1 Pin=U2-20
Removed Pin From Net: NetName=IO22 Pin=U2-23
Removed Pin From Net: NetName=IO21 Pin=U2-24
Removed Member From Class: ClassName=Sheet1 Member=C7
Removed Member From Class: ClassName=Sheet1 Member=C8
Removed Member From Class: ClassName=Sheet1 Member=C9
Change Component DesignItemId : Designator=U2 Old DesignItemId=MPU-6050 New DesignItemId=ADXL345BCCZ-RL
Change Component Footprint: Designator=U2 Old Footprint=MPU6050 New Footprint=ADXL345BCCZRL
Change Component Comment : Designator=C10 Old Comment=10u New Comment=1u
Change Component Comment : Designator=C13 Old Comment=10u New Comment=1u
Change Component Comment : Designator=U2 Old Comment=MPU-6050 New Comment=ADXL345BCCZ-RL
Added Component: Designator=R16(RES0603)
Added Component: Designator=R17(RES0603)
Added Pin To Net: NetName=IO22 Pin=R8-2
Added Pin To Net: NetName=IO21 Pin=R9-2
Added Pin To Net: NetName=GND Pin=R16-1
Added Pin To Net: NetName=NetC8_1 Pin=R16-2
Added Pin To Net: NetName=+3V3 Pin=R17-1
Added Pin To Net: NetName=NetC9_1 Pin=R17-2
Added Pin To Net: NetName=+3V3 Pin=U2-1
Added Pin To Net: NetName=GND Pin=U2-2
Added Pin To Net: NetName=GND Pin=U2-4
Added Pin To Net: NetName=GND Pin=U2-5
Added Pin To Net: NetName=+3V3 Pin=U2-6
Added Pin To Net: NetName=NetC9_1 Pin=U2-7
Added Pin To Net: NetName=NetC8_1 Pin=U2-12
Added Pin To Net: NetName=IO21 Pin=U2-13
Added Pin To Net: NetName=IO22 Pin=U2-14
Change Net Name : Old Net Name=NetC8_1 New Net Name=NetR16_2
Change Net Name : Old Net Name=NetC9_1 New Net Name=NetR17_2
Added Member To Class: ClassName=Sheet1 Member=Component R16 10k 0603
Added Member To Class: ClassName=Sheet1 Member=Component R17 10k 0603
